Using pre-set license
Built from '2020.3/release' branch; Version is '2020.3.12f1 (b3b2c6512326) revision 11776710'; Using compiler version '192528614'; Build Type 'Release'
OS: 'Windows 10 Home; OS build 19045.4291; Version 2009; 64bit' Language: 'en' Physical Memory: 8122 MB
BatchMode: 1, IsHumanControllingUs: 0, StartBugReporterOnCrash: 0, Is64bit: 1, IsPro: 0

 COMMAND LINE ARGUMENTS:
C:\Program Files\Unity\Hub\Editor\2020.3.12f1\Editor\Unity.exe
-adb2
-batchMode
-noUpm
-name
AssetImportWorker0
-projectPath
C:/Users/cnalg/Documents/GitHub/WW-ScavengerHunt/WW-ScavengerHunt
-logFile
Logs/AssetImportWorker0.log
-srvPort
55767
Successfully changed project path to: C:/Users/cnalg/Documents/GitHub/WW-ScavengerHunt/WW-ScavengerHunt
C:/Users/cnalg/Documents/GitHub/WW-ScavengerHunt/WW-ScavengerHunt
Using Asset Import Pipeline V2.
Refreshing native plugins compatible for Editor in 57.48 ms, found 2 plugins.
Preloading 0 native plugins for Editor in 0.00 ms.
Initialize engine version: 2020.3.12f1 (b3b2c6512326)
[Subsystems] Discovering subsystems at path C:/Program Files/Unity/Hub/Editor/2020.3.12f1/Editor/Data/Resources/UnitySubsystems
[Subsystems] Discovering subsystems at path C:/Users/cnalg/Documents/GitHub/WW-ScavengerHunt/WW-ScavengerHunt/Assets
GfxDevice: creating device client; threaded=0
Direct3D:
    Version:  Direct3D 11.0 [level 11.1]
    Renderer: NVIDIA GeForce GT 1030 (ID=0x1d01)
    Vendor:   
    VRAM:     1981 MB
    Driver:   31.0.15.3623
Initialize mono
Mono path[0] = 'C:/Program Files/Unity/Hub/Editor/2020.3.12f1/Editor/Data/Managed'
Mono path[1] = 'C:/Program Files/Unity/Hub/Editor/2020.3.12f1/Editor/Data/MonoBleedingEdge/lib/mono/unityjit'
Mono config path = 'C:/Program Files/Unity/Hub/Editor/2020.3.12f1/Editor/Data/MonoBleedingEdge/etc'
Using monoOptions --debugger-agent=transport=dt_socket,embedding=1,server=y,suspend=n,address=127.0.0.1:56120
Begin MonoManager ReloadAssembly
Registering precompiled unity dll's ...
Register platform support module: C:/Program Files/Unity/Hub/Editor/2020.3.12f1/Editor/Data/PlaybackEngines/WindowsStandaloneSupport/UnityEditor.WindowsStandalone.Extensions.dll
Registered in 0.350042 seconds.
Native extension for WindowsStandalone target not found
Refreshing native plugins compatible for Editor in 26.98 ms, found 2 plugins.
Preloading 0 native plugins for Editor in 0.00 ms.
Mono: successfully reloaded assembly
- Completed reload, in  4.063 seconds
Platform modules already initialized, skipping
Registering precompiled user dll's ...
Registered in 0.998132 seconds.
Begin MonoManager ReloadAssembly
Native extension for WindowsStandalone target not found
Refreshing native plugins compatible for Editor in 0.34 ms, found 2 plugins.
Preloading 0 native plugins for Editor in 0.00 ms.
Mono: successfully reloaded assembly
- Completed reload, in  3.280 seconds
Platform modules already initialized, skipping
========================================================================
Worker process is ready to serve import requests
Launched and connected shader compiler UnityShaderCompiler.exe after 0.06 seconds
Refreshing native plugins compatible for Editor in 0.31 ms, found 2 plugins.
Preloading 0 native plugins for Editor in 0.00 ms.
Unloading 1538 Unused Serialized files (Serialized files now loaded: 0)
System memory in use before: 69.8 MB.
System memory in use after: 69.8 MB.

Unloading 20 unused Assets to reduce memory usage. Loaded Objects now: 1971.
Total: 5.918000 ms (FindLiveObjects: 0.156400 ms CreateObjectMapping: 0.050700 ms MarkObjects: 5.133000 ms  DeleteObjects: 0.576800 ms)

AssetImportParameters requested are different than current active one (requested -> active):
  custom:framework-win-MediaFoundation: 216162199b28c13a410421893ffa2e32 -> 
  custom:video-decoder-ogg-theora: a1e56fd34408186e4bbccfd4996cb3dc -> 
  custom:container-muxer-webm: aa71ff27fc2769a1b78a27578f13a17b -> 
  custom:container-demuxer-webm: 4f35f7cbe854078d1ac9338744f61a02 -> 
  custom:container-demuxer-ogg: 62fdf1f143b41e24485cea50d1cbac27 -> 
  custom:video-encoder-webm-vp8: eb34c28f22e8b96e1ab97ce403110664 -> 
  custom:video-decoder-webm-vp8: 9c59270c3fd7afecdb556c50c9e8de78 -> 
  custom:audio-decoder-ogg-vorbis: bf7c407c2cedff20999df2af8eb42d56 -> 
  custom:audio-encoder-webm-vorbis: bf7c407c2cedff20999df2af8eb42d56 -> 
========================================================================
Received Import Request.
  path: Assets/ArtWork/gameIcons.png
  artifactKey: Guid(917b6239e4b109746baf4ddec699e4ff) Importer(815301076,1909f56bfc062723c751e8b465ee728b)
Start importing Assets/ArtWork/gameIcons.png using Guid(917b6239e4b109746baf4ddec699e4ff) Importer(815301076,1909f56bfc062723c751e8b465ee728b)  -> (artifact id: '95abf62611c2f7060ea9ebb98d100968') in 0.106303 seconds 
  Import took 0.108940 seconds .

========================================================================
Received Import Request.
  Time since last request: 42.006454 seconds.
  path: Assets/ArtWork/gameIcons.png
  artifactKey: Guid(917b6239e4b109746baf4ddec699e4ff) Importer(815301076,1909f56bfc062723c751e8b465ee728b)
Start importing Assets/ArtWork/gameIcons.png using Guid(917b6239e4b109746baf4ddec699e4ff) Importer(815301076,1909f56bfc062723c751e8b465ee728b)  -> (artifact id: 'e68ff536d68a610d04433b325be66644') in 0.021195 seconds 
  Import took 0.025234 seconds .

========================================================================
Received Import Request.
  Time since last request: 0.007403 seconds.
  path: Assets/ArtWork/gameIcons.png
  artifactKey: Guid(917b6239e4b109746baf4ddec699e4ff) Importer(815301076,1909f56bfc062723c751e8b465ee728b)
Start importing Assets/ArtWork/gameIcons.png using Guid(917b6239e4b109746baf4ddec699e4ff) Importer(815301076,1909f56bfc062723c751e8b465ee728b)  -> (artifact id: 'e68ff536d68a610d04433b325be66644') in 0.008674 seconds 
  Import took 0.011575 seconds .

========================================================================
Received Prepare
Registering precompiled user dll's ...
Registered in 0.007577 seconds.
Begin MonoManager ReloadAssembly
Native extension for WindowsStandalone target not found
Refreshing native plugins compatible for Editor in 0.43 ms, found 2 plugins.
Preloading 0 native plugins for Editor in 0.00 ms.
Mono: successfully reloaded assembly
- Completed reload, in  0.916 seconds
Platform modules already initialized, skipping
Refreshing native plugins compatible for Editor in 0.31 ms, found 2 plugins.
Preloading 0 native plugins for Editor in 0.00 ms.
Unloading 1565 Unused Serialized files (Serialized files now loaded: 0)
System memory in use before: 70.7 MB.
System memory in use after: 70.8 MB.

Unloading 15 unused Assets to reduce memory usage. Loaded Objects now: 2011.
Total: 1.814300 ms (FindLiveObjects: 0.234900 ms CreateObjectMapping: 0.051500 ms MarkObjects: 1.477500 ms  DeleteObjects: 0.049600 ms)

AssetImportParameters requested are different than current active one (requested -> active):
  custom:framework-win-MediaFoundation: 216162199b28c13a410421893ffa2e32 -> 
  custom:video-decoder-ogg-theora: a1e56fd34408186e4bbccfd4996cb3dc -> 
  custom:container-muxer-webm: aa71ff27fc2769a1b78a27578f13a17b -> 
  custom:container-demuxer-webm: 4f35f7cbe854078d1ac9338744f61a02 -> 
  custom:container-demuxer-ogg: 62fdf1f143b41e24485cea50d1cbac27 -> 
  custom:video-encoder-webm-vp8: eb34c28f22e8b96e1ab97ce403110664 -> 
  custom:video-decoder-webm-vp8: 9c59270c3fd7afecdb556c50c9e8de78 -> 
  custom:audio-decoder-ogg-vorbis: bf7c407c2cedff20999df2af8eb42d56 -> 
  custom:audio-encoder-webm-vorbis: bf7c407c2cedff20999df2af8eb42d56 -> 
========================================================================
Received Import Request.
  Time since last request: 363.935915 seconds.
  path: Assets/ArtWork/gameIcons.png
  artifactKey: Guid(917b6239e4b109746baf4ddec699e4ff) Importer(815301076,1909f56bfc062723c751e8b465ee728b)
Start importing Assets/ArtWork/gameIcons.png using Guid(917b6239e4b109746baf4ddec699e4ff) Importer(815301076,1909f56bfc062723c751e8b465ee728b)  -> (artifact id: '4e438079ae5e467cd623d774a89b27d4') in 0.480496 seconds 
  Import took 0.575444 seconds .

========================================================================
Received Import Request.
  Time since last request: 11.168200 seconds.
  path: Assets/ArtWork/gameIcons.png
  artifactKey: Guid(917b6239e4b109746baf4ddec699e4ff) Importer(815301076,1909f56bfc062723c751e8b465ee728b)
Start importing Assets/ArtWork/gameIcons.png using Guid(917b6239e4b109746baf4ddec699e4ff) Importer(815301076,1909f56bfc062723c751e8b465ee728b)  -> (artifact id: '50083cbf8380a56f4751445e5ccd6172') in 0.045150 seconds 
  Import took 0.048974 seconds .

========================================================================
Received Import Request.
  Time since last request: 30.795170 seconds.
  path: Assets/ArtWork/Materials/ScavengerHuntBackground.mat
  artifactKey: Guid(305a2e5e6824f6e4e973553544a959b8) Importer(815301076,1909f56bfc062723c751e8b465ee728b)
Start importing Assets/ArtWork/Materials/ScavengerHuntBackground.mat using Guid(305a2e5e6824f6e4e973553544a959b8) Importer(815301076,1909f56bfc062723c751e8b465ee728b)  -> (artifact id: '7ac881bd39cdcfad79596f1086e7305e') in 0.113493 seconds 
  Import took 0.117541 seconds .

========================================================================
Received Prepare
Registering precompiled user dll's ...
Registered in 0.009820 seconds.
Begin MonoManager ReloadAssembly
Native extension for WindowsStandalone target not found
Refreshing native plugins compatible for Editor in 0.38 ms, found 2 plugins.
Preloading 0 native plugins for Editor in 0.00 ms.
Mono: successfully reloaded assembly
- Completed reload, in  1.216 seconds
Platform modules already initialized, skipping
Refreshing native plugins compatible for Editor in 0.29 ms, found 2 plugins.
Preloading 0 native plugins for Editor in 0.00 ms.
Unloading 1572 Unused Serialized files (Serialized files now loaded: 0)
System memory in use before: 74.2 MB.
System memory in use after: 74.3 MB.

Unloading 15 unused Assets to reduce memory usage. Loaded Objects now: 2070.
Total: 4.583300 ms (FindLiveObjects: 0.478100 ms CreateObjectMapping: 0.071500 ms MarkObjects: 3.729500 ms  DeleteObjects: 0.303200 ms)

AssetImportParameters requested are different than current active one (requested -> active):
  custom:framework-win-MediaFoundation: 216162199b28c13a410421893ffa2e32 -> 
  custom:video-decoder-ogg-theora: a1e56fd34408186e4bbccfd4996cb3dc -> 
  custom:container-muxer-webm: aa71ff27fc2769a1b78a27578f13a17b -> 
  custom:container-demuxer-webm: 4f35f7cbe854078d1ac9338744f61a02 -> 
  custom:container-demuxer-ogg: 62fdf1f143b41e24485cea50d1cbac27 -> 
  custom:video-encoder-webm-vp8: eb34c28f22e8b96e1ab97ce403110664 -> 
  custom:video-decoder-webm-vp8: 9c59270c3fd7afecdb556c50c9e8de78 -> 
  custom:audio-decoder-ogg-vorbis: bf7c407c2cedff20999df2af8eb42d56 -> 
  custom:audio-encoder-webm-vorbis: bf7c407c2cedff20999df2af8eb42d56 -> 
